Ping at: Sun Aug 31 08:59:44 UTC 2025
Ping at: Mon Sep  1 08:40:39 UTC 2025
Ping at: Mon Sep  1 13:46:18 UTC 2025
Ping at: Mon Sep  1 18:14:23 UTC 2025
Ping at: Tue Sep  2 08:37:23 UTC 2025
Ping at: Tue Sep  2 13:47:15 UTC 2025
Ping at: Tue Sep  2 18:13:13 UTC 2025
Ping at: Wed Sep  3 08:35:30 UTC 2025
Ping at: Wed Sep  3 13:44:10 UTC 2025
Ping at: Wed Sep  3 18:14:45 UTC 2025
Ping at: Thu Sep  4 08:35:45 UTC 2025
Ping at: Thu Sep  4 13:43:30 UTC 2025
Ping at: Thu Sep  4 18:14:23 UTC 2025
Ping at: Fri Sep  5 08:35:24 UTC 2025
Ping at: Fri Sep  5 13:43:23 UTC 2025
Ping at: Fri Sep  5 18:14:08 UTC 2025
Ping at: Sat Sep  6 08:30:57 UTC 2025
Ping at: Sat Sep  6 13:38:26 UTC 2025
Ping at: Sun Sep  7 08:31:07 UTC 2025
Ping at: Mon Sep  8 08:39:19 UTC 2025
Ping at: Mon Sep  8 13:46:56 UTC 2025
Ping at: Mon Sep  8 18:15:21 UTC 2025
Ping at: Tue Sep  9 08:37:30 UTC 2025
Ping at: Tue Sep  9 13:48:59 UTC 2025
Ping at: Tue Sep  9 18:12:58 UTC 2025
Ping at: Wed Sep 10 08:36:18 UTC 2025
Ping at: Wed Sep 10 13:43:46 UTC 2025
Ping at: Wed Sep 10 18:15:08 UTC 2025
Ping at: Thu Sep 11 08:35:31 UTC 2025
Ping at: Thu Sep 11 13:41:26 UTC 2025
Ping at: Thu Sep 11 18:12:33 UTC 2025
Ping at: Fri Sep 12 08:34:54 UTC 2025
Ping at: Fri Sep 12 13:42:52 UTC 2025
